0 verbose cli /usr/local/bin/node /usr/local/bin/npm
1 info using npm@10.7.0
2 info using node@v20.15.0
3 silly config:load:file:/usr/local/lib/node_modules/npm/npmrc
4 silly config:load:file:/Users/aleksejkrenicyn/Dashboard/.npmrc
5 silly config:load:file:/Users/aleksejkrenicyn/.npmrc
6 silly config:load:file:/usr/local/etc/npmrc
7 verbose title npm install
8 verbose argv "install" "--cache" "./.npm-cache"
9 verbose logfile logs-max:10 dir:/Users/aleksejkrenicyn/Dashboard/.npm-cache/_logs/2026-02-13T05_04_21_852Z-
10 verbose logfile /Users/aleksejkrenicyn/Dashboard/.npm-cache/_logs/2026-02-13T05_04_21_852Z-debug-0.log
11 silly logfile done cleaning log files
12 silly idealTree buildDeps
13 silly reify moves {}
14 silly audit bulk request {
14 silly audit   '@alloc/quick-lru': [ '5.2.0' ],
14 silly audit   '@jridgewell/gen-mapping': [ '0.3.13' ],
14 silly audit   '@jridgewell/resolve-uri': [ '3.1.2' ],
14 silly audit   '@jridgewell/sourcemap-codec': [ '1.5.5' ],
14 silly audit   '@jridgewell/trace-mapping': [ '0.3.31' ],
14 silly audit   '@next/env': [ '14.2.5' ],
14 silly audit   '@next/swc-darwin-arm64': [ '14.2.5' ],
14 silly audit   '@next/swc-darwin-x64': [ '14.2.5' ],
14 silly audit   '@next/swc-linux-arm64-gnu': [ '14.2.5' ],
14 silly audit   '@next/swc-linux-arm64-musl': [ '14.2.5' ],
14 silly audit   '@next/swc-linux-x64-gnu': [ '14.2.5' ],
14 silly audit   '@next/swc-linux-x64-musl': [ '14.2.5' ],
14 silly audit   '@next/swc-win32-arm64-msvc': [ '14.2.5' ],
14 silly audit   '@next/swc-win32-ia32-msvc': [ '14.2.5' ],
14 silly audit   '@next/swc-win32-x64-msvc': [ '14.2.5' ],
14 silly audit   '@nodelib/fs.scandir': [ '2.1.5' ],
14 silly audit   '@nodelib/fs.stat': [ '2.0.5' ],
14 silly audit   '@nodelib/fs.walk': [ '1.2.8' ],
14 silly audit   '@swc/counter': [ '0.1.3' ],
14 silly audit   '@swc/helpers': [ '0.5.5' ],
14 silly audit   '@types/js-cookie': [ '3.0.6' ],
14 silly audit   '@types/node': [ '20.19.33' ],
14 silly audit   '@types/prop-types': [ '15.7.15' ],
14 silly audit   '@types/react': [ '18.3.28' ],
14 silly audit   '@types/react-dom': [ '18.3.7' ],
14 silly audit   'any-promise': [ '1.3.0' ],
14 silly audit   anymatch: [ '3.1.3' ],
14 silly audit   arg: [ '5.0.2' ],
14 silly audit   autoprefixer: [ '10.4.24' ],
14 silly audit   'baseline-browser-mapping': [ '2.9.19' ],
14 silly audit   'binary-extensions': [ '2.3.0' ],
14 silly audit   braces: [ '3.0.3' ],
14 silly audit   browserslist: [ '4.28.1' ],
14 silly audit   busboy: [ '1.6.0' ],
14 silly audit   'camelcase-css': [ '2.0.1' ],
14 silly audit   'caniuse-lite': [ '1.0.30001769' ],
14 silly audit   chokidar: [ '3.6.0' ],
14 silly audit   'glob-parent': [ '5.1.2', '6.0.2' ],
14 silly audit   'client-only': [ '0.0.1' ],
14 silly audit   commander: [ '4.1.1' ],
14 silly audit   cssesc: [ '3.0.0' ],
14 silly audit   csstype: [ '3.2.3' ],
14 silly audit   didyoumean: [ '1.2.2' ],
14 silly audit   dlv: [ '1.1.3' ],
14 silly audit   'electron-to-chromium': [ '1.5.286' ],
14 silly audit   escalade: [ '3.2.0' ],
14 silly audit   'fast-glob': [ '3.3.3' ],
14 silly audit   fastq: [ '1.20.1' ],
14 silly audit   'fill-range': [ '7.1.1' ],
14 silly audit   'fraction.js': [ '5.3.4' ],
14 silly audit   fsevents: [ '2.3.3' ],
14 silly audit   'function-bind': [ '1.1.2' ],
14 silly audit   'graceful-fs': [ '4.2.11' ],
14 silly audit   hasown: [ '2.0.2' ],
14 silly audit   'is-binary-path': [ '2.1.0' ],
14 silly audit   'is-core-module': [ '2.16.1' ],
14 silly audit   'is-extglob': [ '2.1.1' ],
14 silly audit   'is-glob': [ '4.0.3' ],
14 silly audit   'is-number': [ '7.0.0' ],
14 silly audit   jiti: [ '1.21.7' ],
14 silly audit   'js-cookie': [ '3.0.5' ],
14 silly audit   'js-tokens': [ '4.0.0' ],
14 silly audit   lilconfig: [ '3.1.3' ],
14 silly audit   'lines-and-columns': [ '1.2.4' ],
14 silly audit   'loose-envify': [ '1.4.0' ],
14 silly audit   merge2: [ '1.4.1' ],
14 silly audit   micromatch: [ '4.0.8' ],
14 silly audit   mz: [ '2.7.0' ],
14 silly audit   nanoid: [ '3.3.11' ],
14 silly audit   next: [ '14.2.5' ],
14 silly audit   postcss: [ '8.4.31', '8.5.6' ],
14 silly audit   'node-releases': [ '2.0.27' ],
14 silly audit   'normalize-path': [ '3.0.0' ],
14 silly audit   'object-assign': [ '4.1.1' ],
14 silly audit   'object-hash': [ '3.0.0' ],
14 silly audit   'path-parse': [ '1.0.7' ],
14 silly audit   picocolors: [ '1.1.1' ],
14 silly audit   picomatch: [ '2.3.1', '4.0.3' ],
14 silly audit   pify: [ '2.3.0' ],
14 silly audit   pirates: [ '4.0.7' ],
14 silly audit   'postcss-import': [ '15.1.0' ],
14 silly audit   'postcss-js': [ '4.1.0' ],
14 silly audit   'postcss-load-config': [ '6.0.1' ],
14 silly audit   'postcss-nested': [ '6.2.0' ],
14 silly audit   'postcss-selector-parser': [ '6.1.2' ],
14 silly audit   'postcss-value-parser': [ '4.2.0' ],
14 silly audit   'queue-microtask': [ '1.2.3' ],
14 silly audit   react: [ '18.3.1' ],
14 silly audit   'react-dom': [ '18.3.1' ],
14 silly audit   'read-cache': [ '1.0.0' ],
14 silly audit   readdirp: [ '3.6.0' ],
14 silly audit   resolve: [ '1.22.11' ],
14 silly audit   reusify: [ '1.1.0' ],
14 silly audit   'run-parallel': [ '1.2.0' ],
14 silly audit   scheduler: [ '0.23.2' ],
14 silly audit   'source-map-js': [ '1.2.1' ],
14 silly audit   streamsearch: [ '1.1.0' ],
14 silly audit   'styled-jsx': [ '5.1.1' ],
14 silly audit   sucrase: [ '3.35.1' ],
14 silly audit   'supports-preserve-symlinks-flag': [ '1.0.0' ],
14 silly audit   tailwindcss: [ '3.4.19' ],
14 silly audit   thenify: [ '3.3.1' ],
14 silly audit   'thenify-all': [ '1.6.0' ],
14 silly audit   tinyglobby: [ '0.2.15' ],
14 silly audit   fdir: [ '6.5.0' ],
14 silly audit   'to-regex-range': [ '5.0.1' ],
14 silly audit   'ts-interface-checker': [ '0.1.13' ],
14 silly audit   tslib: [ '2.8.1' ],
14 silly audit   typescript: [ '5.9.3' ],
14 silly audit   'undici-types': [ '6.21.0' ],
14 silly audit   'update-browserslist-db': [ '1.2.3' ],
14 silly audit   'util-deprecate': [ '1.0.2' ]
14 silly audit }
15 verbose reify failed optional dependency /Users/aleksejkrenicyn/Dashboard/node_modules/@next/swc-win32-x64-msvc
16 silly reify mark deleted [
16 silly reify   '/Users/aleksejkrenicyn/Dashboard/node_modules/@next/swc-win32-x64-msvc'
16 silly reify ]
17 verbose reify failed optional dependency /Users/aleksejkrenicyn/Dashboard/node_modules/@next/swc-win32-ia32-msvc
18 silly reify mark deleted [
18 silly reify   '/Users/aleksejkrenicyn/Dashboard/node_modules/@next/swc-win32-ia32-msvc'
18 silly reify ]
19 verbose reify failed optional dependency /Users/aleksejkrenicyn/Dashboard/node_modules/@next/swc-win32-arm64-msvc
20 silly reify mark deleted [
20 silly reify   '/Users/aleksejkrenicyn/Dashboard/node_modules/@next/swc-win32-arm64-msvc'
20 silly reify ]
21 verbose reify failed optional dependency /Users/aleksejkrenicyn/Dashboard/node_modules/@next/swc-linux-x64-musl
22 silly reify mark deleted [
22 silly reify   '/Users/aleksejkrenicyn/Dashboard/node_modules/@next/swc-linux-x64-musl'
22 silly reify ]
23 verbose reify failed optional dependency /Users/aleksejkrenicyn/Dashboard/node_modules/@next/swc-linux-x64-gnu
24 silly reify mark deleted [
24 silly reify   '/Users/aleksejkrenicyn/Dashboard/node_modules/@next/swc-linux-x64-gnu'
24 silly reify ]
25 verbose reify failed optional dependency /Users/aleksejkrenicyn/Dashboard/node_modules/@next/swc-linux-arm64-musl
26 silly reify mark deleted [
26 silly reify   '/Users/aleksejkrenicyn/Dashboard/node_modules/@next/swc-linux-arm64-musl'
26 silly reify ]
27 verbose reify failed optional dependency /Users/aleksejkrenicyn/Dashboard/node_modules/@next/swc-linux-arm64-gnu
28 silly reify mark deleted [
28 silly reify   '/Users/aleksejkrenicyn/Dashboard/node_modules/@next/swc-linux-arm64-gnu'
28 silly reify ]
29 verbose reify failed optional dependency /Users/aleksejkrenicyn/Dashboard/node_modules/@next/swc-darwin-x64
30 silly reify mark deleted [
30 silly reify   '/Users/aleksejkrenicyn/Dashboard/node_modules/@next/swc-darwin-x64'
30 silly reify ]
31 silly tarball no local data for util-deprecate@https://registry.npmjs.org/util-deprecate/-/util-deprecate-1.0.2.tgz. Extracting by manifest.
32 silly tarball no local data for undici-types@https://registry.npmjs.org/undici-types/-/undici-types-6.21.0.tgz. Extracting by manifest.
33 silly tarball no local data for update-browserslist-db@https://registry.npmjs.org/update-browserslist-db/-/update-browserslist-db-1.2.3.tgz. Extracting by manifest.
34 silly tarball no local data for typescript@https://registry.npmjs.org/typescript/-/typescript-5.9.3.tgz. Extracting by manifest.
35 silly tarball no local data for tslib@https://registry.npmjs.org/tslib/-/tslib-2.8.1.tgz. Extracting by manifest.
36 silly tarball no local data for ts-interface-checker@https://registry.npmjs.org/ts-interface-checker/-/ts-interface-checker-0.1.13.tgz. Extracting by manifest.
37 silly tarball no local data for to-regex-range@https://registry.npmjs.org/to-regex-range/-/to-regex-range-5.0.1.tgz. Extracting by manifest.
38 silly tarball no local data for tinyglobby@https://registry.npmjs.org/tinyglobby/-/tinyglobby-0.2.15.tgz. Extracting by manifest.
39 silly tarball no local data for thenify-all@https://registry.npmjs.org/thenify-all/-/thenify-all-1.6.0.tgz. Extracting by manifest.
40 silly tarball no local data for thenify@https://registry.npmjs.org/thenify/-/thenify-3.3.1.tgz. Extracting by manifest.
41 silly tarball no local data for tailwindcss@https://registry.npmjs.org/tailwindcss/-/tailwindcss-3.4.19.tgz. Extracting by manifest.
42 silly tarball no local data for supports-preserve-symlinks-flag@https://registry.npmjs.org/supports-preserve-symlinks-flag/-/supports-preserve-symlinks-flag-1.0.0.tgz. Extracting by manifest.
43 silly tarball no local data for styled-jsx@https://registry.npmjs.org/styled-jsx/-/styled-jsx-5.1.1.tgz. Extracting by manifest.
44 silly tarball no local data for sucrase@https://registry.npmjs.org/sucrase/-/sucrase-3.35.1.tgz. Extracting by manifest.
45 silly tarball no local data for streamsearch@https://registry.npmjs.org/streamsearch/-/streamsearch-1.1.0.tgz. Extracting by manifest.
46 silly tarball no local data for source-map-js@https://registry.npmjs.org/source-map-js/-/source-map-js-1.2.1.tgz. Extracting by manifest.
47 silly tarball no local data for scheduler@https://registry.npmjs.org/scheduler/-/scheduler-0.23.2.tgz. Extracting by manifest.
48 silly tarball no local data for run-parallel@https://registry.npmjs.org/run-parallel/-/run-parallel-1.2.0.tgz. Extracting by manifest.
49 silly tarball no local data for reusify@https://registry.npmjs.org/reusify/-/reusify-1.1.0.tgz. Extracting by manifest.
50 silly tarball no local data for resolve@https://registry.npmjs.org/resolve/-/resolve-1.22.11.tgz. Extracting by manifest.
51 silly tarball no local data for read-cache@https://registry.npmjs.org/read-cache/-/read-cache-1.0.0.tgz. Extracting by manifest.
52 silly tarball no local data for readdirp@https://registry.npmjs.org/readdirp/-/readdirp-3.6.0.tgz. Extracting by manifest.
53 silly tarball no local data for react@https://registry.npmjs.org/react/-/react-18.3.1.tgz. Extracting by manifest.
54 silly tarball no local data for queue-microtask@https://registry.npmjs.org/queue-microtask/-/queue-microtask-1.2.3.tgz. Extracting by manifest.
55 silly tarball no local data for postcss-value-parser@https://registry.npmjs.org/postcss-value-parser/-/postcss-value-parser-4.2.0.tgz. Extracting by manifest.
56 silly tarball no local data for postcss-selector-parser@https://registry.npmjs.org/postcss-selector-parser/-/postcss-selector-parser-6.1.2.tgz. Extracting by manifest.
57 silly tarball no local data for postcss-nested@https://registry.npmjs.org/postcss-nested/-/postcss-nested-6.2.0.tgz. Extracting by manifest.
58 silly tarball no local data for postcss-load-config@https://registry.npmjs.org/postcss-load-config/-/postcss-load-config-6.0.1.tgz. Extracting by manifest.
59 silly tarball no local data for react-dom@https://registry.npmjs.org/react-dom/-/react-dom-18.3.1.tgz. Extracting by manifest.
60 silly tarball no local data for postcss-import@https://registry.npmjs.org/postcss-import/-/postcss-import-15.1.0.tgz. Extracting by manifest.
61 silly tarball no local data for postcss@https://registry.npmjs.org/postcss/-/postcss-8.5.6.tgz. Extracting by manifest.
62 silly tarball no local data for pirates@https://registry.npmjs.org/pirates/-/pirates-4.0.7.tgz. Extracting by manifest.
63 silly tarball no local data for pify@https://registry.npmjs.org/pify/-/pify-2.3.0.tgz. Extracting by manifest.
64 silly tarball no local data for picomatch@https://registry.npmjs.org/picomatch/-/picomatch-2.3.1.tgz. Extracting by manifest.
65 silly tarball no local data for picocolors@https://registry.npmjs.org/picocolors/-/picocolors-1.1.1.tgz. Extracting by manifest.
66 silly tarball no local data for path-parse@https://registry.npmjs.org/path-parse/-/path-parse-1.0.7.tgz. Extracting by manifest.
67 silly tarball no local data for object-assign@https://registry.npmjs.org/object-assign/-/object-assign-4.1.1.tgz. Extracting by manifest.
68 silly tarball no local data for normalize-path@https://registry.npmjs.org/normalize-path/-/normalize-path-3.0.0.tgz. Extracting by manifest.
69 silly tarball no local data for node-releases@https://registry.npmjs.org/node-releases/-/node-releases-2.0.27.tgz. Extracting by manifest.
70 silly tarball no local data for nanoid@https://registry.npmjs.org/nanoid/-/nanoid-3.3.11.tgz. Extracting by manifest.
71 silly tarball no local data for mz@https://registry.npmjs.org/mz/-/mz-2.7.0.tgz. Extracting by manifest.
72 silly tarball no local data for micromatch@https://registry.npmjs.org/micromatch/-/micromatch-4.0.8.tgz. Extracting by manifest.
73 silly tarball no local data for merge2@https://registry.npmjs.org/merge2/-/merge2-1.4.1.tgz. Extracting by manifest.
74 silly tarball no local data for object-hash@https://registry.npmjs.org/object-hash/-/object-hash-3.0.0.tgz. Extracting by manifest.
75 silly tarball no local data for loose-envify@https://registry.npmjs.org/loose-envify/-/loose-envify-1.4.0.tgz. Extracting by manifest.
76 silly tarball no local data for lines-and-columns@https://registry.npmjs.org/lines-and-columns/-/lines-and-columns-1.2.4.tgz. Extracting by manifest.
77 silly tarball no local data for js-tokens@https://registry.npmjs.org/js-tokens/-/js-tokens-4.0.0.tgz. Extracting by manifest.
78 silly tarball no local data for lilconfig@https://registry.npmjs.org/lilconfig/-/lilconfig-3.1.3.tgz. Extracting by manifest.
79 silly tarball no local data for js-cookie@https://registry.npmjs.org/js-cookie/-/js-cookie-3.0.5.tgz. Extracting by manifest.
80 silly tarball no local data for jiti@https://registry.npmjs.org/jiti/-/jiti-1.21.7.tgz. Extracting by manifest.
81 silly tarball no local data for is-number@https://registry.npmjs.org/is-number/-/is-number-7.0.0.tgz. Extracting by manifest.
82 silly tarball no local data for is-glob@https://registry.npmjs.org/is-glob/-/is-glob-4.0.3.tgz. Extracting by manifest.
83 silly tarball no local data for next@https://registry.npmjs.org/next/-/next-14.2.5.tgz. Extracting by manifest.
84 silly tarball no local data for is-extglob@https://registry.npmjs.org/is-extglob/-/is-extglob-2.1.1.tgz. Extracting by manifest.
85 silly tarball no local data for is-core-module@https://registry.npmjs.org/is-core-module/-/is-core-module-2.16.1.tgz. Extracting by manifest.
86 silly tarball no local data for is-binary-path@https://registry.npmjs.org/is-binary-path/-/is-binary-path-2.1.0.tgz. Extracting by manifest.
87 silly tarball no local data for hasown@https://registry.npmjs.org/hasown/-/hasown-2.0.2.tgz. Extracting by manifest.
88 silly tarball no local data for graceful-fs@https://registry.npmjs.org/graceful-fs/-/graceful-fs-4.2.11.tgz. Extracting by manifest.
89 silly tarball no local data for glob-parent@https://registry.npmjs.org/glob-parent/-/glob-parent-6.0.2.tgz. Extracting by manifest.
90 silly tarball no local data for function-bind@https://registry.npmjs.org/function-bind/-/function-bind-1.1.2.tgz. Extracting by manifest.
91 silly tarball no local data for fsevents@https://registry.npmjs.org/fsevents/-/fsevents-2.3.3.tgz. Extracting by manifest.
92 silly tarball no local data for fraction.js@https://registry.npmjs.org/fraction.js/-/fraction.js-5.3.4.tgz. Extracting by manifest.
93 silly tarball no local data for fill-range@https://registry.npmjs.org/fill-range/-/fill-range-7.1.1.tgz. Extracting by manifest.
94 silly tarball no local data for fastq@https://registry.npmjs.org/fastq/-/fastq-1.20.1.tgz. Extracting by manifest.
95 silly tarball no local data for fast-glob@https://registry.npmjs.org/fast-glob/-/fast-glob-3.3.3.tgz. Extracting by manifest.
96 silly tarball no local data for escalade@https://registry.npmjs.org/escalade/-/escalade-3.2.0.tgz. Extracting by manifest.
97 silly tarball no local data for electron-to-chromium@https://registry.npmjs.org/electron-to-chromium/-/electron-to-chromium-1.5.286.tgz. Extracting by manifest.
98 silly tarball no local data for dlv@https://registry.npmjs.org/dlv/-/dlv-1.1.3.tgz. Extracting by manifest.
99 silly tarball no local data for didyoumean@https://registry.npmjs.org/didyoumean/-/didyoumean-1.2.2.tgz. Extracting by manifest.
100 silly tarball no local data for csstype@https://registry.npmjs.org/csstype/-/csstype-3.2.3.tgz. Extracting by manifest.
101 silly tarball no local data for cssesc@https://registry.npmjs.org/cssesc/-/cssesc-3.0.0.tgz. Extracting by manifest.
102 silly tarball no local data for commander@https://registry.npmjs.org/commander/-/commander-4.1.1.tgz. Extracting by manifest.
103 silly tarball no local data for client-only@https://registry.npmjs.org/client-only/-/client-only-0.0.1.tgz. Extracting by manifest.
104 silly tarball no local data for chokidar@https://registry.npmjs.org/chokidar/-/chokidar-3.6.0.tgz. Extracting by manifest.
105 silly tarball no local data for postcss-js@https://registry.npmjs.org/postcss-js/-/postcss-js-4.1.0.tgz. Extracting by manifest.
106 silly tarball no local data for caniuse-lite@https://registry.npmjs.org/caniuse-lite/-/caniuse-lite-1.0.30001769.tgz. Extracting by manifest.
107 silly tarball no local data for camelcase-css@https://registry.npmjs.org/camelcase-css/-/camelcase-css-2.0.1.tgz. Extracting by manifest.
108 silly tarball no local data for braces@https://registry.npmjs.org/braces/-/braces-3.0.3.tgz. Extracting by manifest.
109 silly tarball no local data for busboy@https://registry.npmjs.org/busboy/-/busboy-1.6.0.tgz. Extracting by manifest.
110 silly tarball no local data for binary-extensions@https://registry.npmjs.org/binary-extensions/-/binary-extensions-2.3.0.tgz. Extracting by manifest.
111 silly tarball no local data for baseline-browser-mapping@https://registry.npmjs.org/baseline-browser-mapping/-/baseline-browser-mapping-2.9.19.tgz. Extracting by manifest.
112 silly tarball no local data for autoprefixer@https://registry.npmjs.org/autoprefixer/-/autoprefixer-10.4.24.tgz. Extracting by manifest.
113 silly tarball no local data for anymatch@https://registry.npmjs.org/anymatch/-/anymatch-3.1.3.tgz. Extracting by manifest.
114 silly tarball no local data for arg@https://registry.npmjs.org/arg/-/arg-5.0.2.tgz. Extracting by manifest.
115 silly tarball no local data for browserslist@https://registry.npmjs.org/browserslist/-/browserslist-4.28.1.tgz. Extracting by manifest.
116 silly tarball no local data for any-promise@https://registry.npmjs.org/any-promise/-/any-promise-1.3.0.tgz. Extracting by manifest.
117 silly tarball no local data for @types/react-dom@https://registry.npmjs.org/@types/react-dom/-/react-dom-18.3.7.tgz. Extracting by manifest.
118 silly tarball no local data for @types/react@https://registry.npmjs.org/@types/react/-/react-18.3.28.tgz. Extracting by manifest.
119 silly tarball no local data for @types/node@https://registry.npmjs.org/@types/node/-/node-20.19.33.tgz. Extracting by manifest.
120 silly tarball no local data for @types/js-cookie@https://registry.npmjs.org/@types/js-cookie/-/js-cookie-3.0.6.tgz. Extracting by manifest.
121 silly tarball no local data for @swc/helpers@https://registry.npmjs.org/@swc/helpers/-/helpers-0.5.5.tgz. Extracting by manifest.
122 silly tarball no local data for @types/prop-types@https://registry.npmjs.org/@types/prop-types/-/prop-types-15.7.15.tgz. Extracting by manifest.
123 silly tarball no local data for @swc/counter@https://registry.npmjs.org/@swc/counter/-/counter-0.1.3.tgz. Extracting by manifest.
124 silly tarball no local data for @nodelib/fs.walk@https://registry.npmjs.org/@nodelib/fs.walk/-/fs.walk-1.2.8.tgz. Extracting by manifest.
125 silly tarball no local data for @nodelib/fs.stat@https://registry.npmjs.org/@nodelib/fs.stat/-/fs.stat-2.0.5.tgz. Extracting by manifest.
126 silly tarball no local data for @next/swc-darwin-arm64@https://registry.npmjs.org/@next/swc-darwin-arm64/-/swc-darwin-arm64-14.2.5.tgz. Extracting by manifest.
127 silly tarball no local data for @next/env@https://registry.npmjs.org/@next/env/-/env-14.2.5.tgz. Extracting by manifest.
128 silly tarball no local data for @jridgewell/trace-mapping@https://registry.npmjs.org/@jridgewell/trace-mapping/-/trace-mapping-0.3.31.tgz. Extracting by manifest.
129 silly tarball no local data for @jridgewell/sourcemap-codec@https://registry.npmjs.org/@jridgewell/sourcemap-codec/-/sourcemap-codec-1.5.5.tgz. Extracting by manifest.
130 silly tarball no local data for @jridgewell/resolve-uri@https://registry.npmjs.org/@jridgewell/resolve-uri/-/resolve-uri-3.1.2.tgz. Extracting by manifest.
131 silly tarball no local data for @jridgewell/gen-mapping@https://registry.npmjs.org/@jridgewell/gen-mapping/-/gen-mapping-0.3.13.tgz. Extracting by manifest.
132 silly tarball no local data for @alloc/quick-lru@https://registry.npmjs.org/@alloc/quick-lru/-/quick-lru-5.2.0.tgz. Extracting by manifest.
133 silly tarball no local data for @nodelib/fs.scandir@https://registry.npmjs.org/@nodelib/fs.scandir/-/fs.scandir-2.1.5.tgz. Extracting by manifest.
134 silly tarball no local data for picomatch@https://registry.npmjs.org/picomatch/-/picomatch-4.0.3.tgz. Extracting by manifest.
135 silly tarball no local data for fdir@https://registry.npmjs.org/fdir/-/fdir-6.5.0.tgz. Extracting by manifest.
136 silly tarball no local data for postcss@https://registry.npmjs.org/postcss/-/postcss-8.4.31.tgz. Extracting by manifest.
137 silly tarball no local data for glob-parent@https://registry.npmjs.org/glob-parent/-/glob-parent-5.1.2.tgz. Extracting by manifest.
138 silly tarball no local data for glob-parent@https://registry.npmjs.org/glob-parent/-/glob-parent-5.1.2.tgz. Extracting by manifest.
139 http fetch GET 200 https://registry.npmjs.org/tinyglobby/-/tinyglobby-0.2.15.tgz 178ms (cache miss)
140 http fetch GET 200 https://registry.npmjs.org/thenify-all/-/thenify-all-1.6.0.tgz 177ms (cache miss)
141 http fetch GET 200 https://registry.npmjs.org/thenify/-/thenify-3.3.1.tgz 178ms (cache miss)
142 http fetch GET 200 https://registry.npmjs.org/util-deprecate/-/util-deprecate-1.0.2.tgz 181ms (cache miss)
143 http fetch GET 200 https://registry.npmjs.org/to-regex-range/-/to-regex-range-5.0.1.tgz 181ms (cache miss)
144 http fetch GET 200 https://registry.npmjs.org/tslib/-/tslib-2.8.1.tgz 181ms (cache miss)
145 http fetch GET 200 https://registry.npmjs.org/undici-types/-/undici-types-6.21.0.tgz 188ms (cache miss)
146 http fetch GET 200 https://registry.npmjs.org/ts-interface-checker/-/ts-interface-checker-0.1.13.tgz 192ms (cache miss)
147 http fetch GET 200 https://registry.npmjs.org/supports-preserve-symlinks-flag/-/supports-preserve-symlinks-flag-1.0.0.tgz 191ms (cache miss)
148 http fetch GET 200 https://registry.npmjs.org/update-browserslist-db/-/update-browserslist-db-1.2.3.tgz 194ms (cache miss)
149 http fetch POST 200 https://registry.npmjs.org/-/npm/v1/security/advisories/bulk 220ms
150 silly audit report {
150 silly audit report   next: [
150 silly audit report     {
150 silly audit report       id: 1099638,
150 silly audit report       url: 'https://github.com/advisories/GHSA-gp8f-8m3g-qvj9',
150 silly audit report       title: 'Next.js Cache Poisoning',
150 silly audit report       severity: 'high',
150 silly audit report       vulnerable_versions: '>=14.0.0 <14.2.10',
150 silly audit report       cwe: [Array],
150 silly audit report       cvss: [Object]
150 silly audit report     },
150 silly audit report     {
150 silly audit report       id: 1100421,
150 silly audit report       url: 'https://github.com/advisories/GHSA-g77x-44xx-532m',
150 silly audit report       title: 'Denial of Service condition in Next.js image optimization',
150 silly audit report       severity: 'moderate',
150 silly audit report       vulnerable_versions: '>=10.0.0 <14.2.7',
150 silly audit report       cwe: [Array],
150 silly audit report       cvss: [Object]
150 silly audit report     },
150 silly audit report     {
150 silly audit report       id: 1101438,
150 silly audit report       url: 'https://github.com/advisories/GHSA-7m27-7ghc-44w9',
150 silly audit report       title: 'Next.js Allows a Denial of Service (DoS) with Server Actions',
150 silly audit report       severity: 'moderate',
150 silly audit report       vulnerable_versions: '>=14.0.0 <14.2.21',
150 silly audit report       cwe: [Array],
150 silly audit report       cvss: [Object]
150 silly audit report     },
150 silly audit report     {
150 silly audit report       id: 1105461,
150 silly audit report       url: 'https://github.com/advisories/GHSA-3h52-269p-cp9r',
150 silly audit report       title: 'Information exposure in Next.js dev server due to lack of origin verification',
150 silly audit report       severity: 'low',
150 silly audit report       vulnerable_versions: '>=13.0 <14.2.30',
150 silly audit report       cwe: [Array],
150 silly audit report       cvss: [Object]
150 silly audit report     },
150 silly audit report     {
150 silly audit report       id: 1111391,
150 silly audit report       url: 'https://github.com/advisories/GHSA-mwv6-3258-q52c',
150 silly audit report       title: 'Next Vulnerable to Denial of Service with Server Components',
150 silly audit report       severity: 'high',
150 silly audit report       vulnerable_versions: '>=13.3.0 <14.2.34',
150 silly audit report       cwe: [Array],
150 silly audit report       cvss: [Object]
150 silly audit report     },
150 silly audit report     {
150 silly audit report       id: 1107226,
150 silly audit report       url: 'https://github.com/advisories/GHSA-g5qg-72qw-gw5v',
150 silly audit report       title: 'Next.js Affected by Cache Key Confusion for Image Optimization API Routes',
150 silly audit report       severity: 'moderate',
150 silly audit report       vulnerable_versions: '>=0.9.9 <14.2.31',
150 silly audit report       cwe: [Array],
150 silly audit report       cvss: [Object]
150 silly audit report     },
150 silly audit report     {
150 silly audit report       id: 1107420,
150 silly audit report       url: 'https://github.com/advisories/GHSA-7gfc-8cq8-jh5f',
150 silly audit report       title: 'Next.js authorization bypass vulnerability',
150 silly audit report       severity: 'high',
150 silly audit report       vulnerable_versions: '>=9.5.5 <14.2.15',
150 silly audit report       cwe: [Array],
150 silly audit report       cvss: [Object]
150 silly audit report     },
150 silly audit report     {
150 silly audit report       id: 1107512,
150 silly audit report       url: 'https://github.com/advisories/GHSA-4342-x723-ch2f',
150 silly audit report       title: 'Next.js Improper Middleware Redirect Handling Leads to SSRF',
150 silly audit report       severity: 'moderate',
150 silly audit report       vulnerable_versions: '>=0.9.9 <14.2.32',
150 silly audit report       cwe: [Array],
150 silly audit report       cvss: [Object]
150 silly audit report     },
150 silly audit report     {
150 silly audit report       id: 1107513,
150 silly audit report       url: 'https://github.com/advisories/GHSA-xv57-4mr9-wg8v',
150 silly audit report       title: 'Next.js Content Injection Vulnerability for Image Optimization',
150 silly audit report       severity: 'moderate',
150 silly audit report       vulnerable_versions: '>=0.9.9 <14.2.31',
150 silly audit report       cwe: [Array],
150 silly audit report       cvss: [Object]
150 silly audit report     },
150 silly audit report     {
150 silly audit report       id: 1112182,
150 silly audit report       url: 'https://github.com/advisories/GHSA-5j59-xgg2-r9c4',
150 silly audit report       title: 'Next has a Denial of Service with Server Components - Incomplete Fix Follow-Up',
150 silly audit report       severity: 'high',
150 silly audit report       vulnerable_versions: '>=13.3.1-canary.0 <14.2.35',
150 silly audit report       cwe: [Array],
150 silly audit report       cvss: [Object]
150 silly audit report     },
150 silly audit report     {
150 silly audit report       id: 1108291,
150 silly audit report       url: 'https://github.com/advisories/GHSA-qpjv-v59x-3qc4',
150 silly audit report       title: 'Next.js Race Condition to Cache Poisoning',
150 silly audit report       severity: 'low',
150 silly audit report       vulnerable_versions: '>=0.9.9 <14.2.24',
150 silly audit report       cwe: [Array],
150 silly audit report       cvss: [Object]
150 silly audit report     },
150 silly audit report     {
150 silly audit report       id: 1108953,
150 silly audit report       url: 'https://github.com/advisories/GHSA-f82v-jwr5-mffw',
150 silly audit report       title: 'Authorization Bypass in Next.js Middleware',
150 silly audit report       severity: 'critical',
150 silly audit report       vulnerable_versions: '>=14.0.0 <14.2.25',
150 silly audit report       cwe: [Array],
150 silly audit report       cvss: [Object]
150 silly audit report     },
150 silly audit report     {
150 silly audit report       id: 1112593,
150 silly audit report       url: 'https://github.com/advisories/GHSA-9g9p-9gw9-jx7f',
150 silly audit report       title: 'Next.js self-hosted applications vulnerable to DoS via Image Optimizer remotePatterns configuration',
150 silly audit report       severity: 'moderate',
150 silly audit report       vulnerable_versions: '>=10.0.0 <15.5.10',
150 silly audit report       cwe: [Array],
150 silly audit report       cvss: [Object]
150 silly audit report     },
150 silly audit report     {
150 silly audit report       id: 1112653,
150 silly audit report       url: 'https://github.com/advisories/GHSA-h25m-26qc-wcjf',
150 silly audit report       title: 'Next.js HTTP request deserialization can lead to DoS when using insecure React Server Components',
150 silly audit report       severity: 'high',
150 silly audit report       vulnerable_versions: '>=13.0.0 <15.0.8',
150 silly audit report       cwe: [Array],
150 silly audit report       cvss: [Object]
150 silly audit report     }
150 silly audit report   ]
150 silly audit report }
151 http fetch GET 200 https://registry.npmjs.org/styled-jsx/-/styled-jsx-5.1.1.tgz 211ms (cache miss)
152 http fetch GET 200 https://registry.npmjs.org/npm 295ms
153 http fetch GET 200 https://registry.npmjs.org/streamsearch/-/streamsearch-1.1.0.tgz 241ms (cache miss)
154 http fetch GET 200 https://registry.npmjs.org/scheduler/-/scheduler-0.23.2.tgz 253ms (cache miss)
155 http fetch GET 200 https://registry.npmjs.org/source-map-js/-/source-map-js-1.2.1.tgz 256ms (cache miss)
156 http fetch GET 200 https://registry.npmjs.org/reusify/-/reusify-1.1.0.tgz 272ms (cache miss)
157 http fetch GET 200 https://registry.npmjs.org/resolve/-/resolve-1.22.11.tgz 278ms (cache miss)
158 http fetch GET 200 https://registry.npmjs.org/run-parallel/-/run-parallel-1.2.0.tgz 279ms (cache miss)
159 http fetch GET 200 https://registry.npmjs.org/read-cache/-/read-cache-1.0.0.tgz 284ms (cache miss)
160 http fetch GET 200 https://registry.npmjs.org/readdirp/-/readdirp-3.6.0.tgz 283ms (cache miss)
161 http fetch GET 200 https://registry.npmjs.org/react/-/react-18.3.1.tgz 285ms (cache miss)
162 http fetch GET 200 https://registry.npmjs.org/sucrase/-/sucrase-3.35.1.tgz 290ms (cache miss)
163 http fetch GET 200 https://registry.npmjs.org/queue-microtask/-/queue-microtask-1.2.3.tgz 289ms (cache miss)
164 http fetch GET 200 https://registry.npmjs.org/postcss-value-parser/-/postcss-value-parser-4.2.0.tgz 296ms (cache miss)
165 http fetch GET 200 https://registry.npmjs.org/postcss-nested/-/postcss-nested-6.2.0.tgz 329ms (cache miss)
166 http fetch GET 200 https://registry.npmjs.org/postcss-selector-parser/-/postcss-selector-parser-6.1.2.tgz 346ms (cache miss)
167 http fetch GET 200 https://registry.npmjs.org/postcss-load-config/-/postcss-load-config-6.0.1.tgz 356ms (cache miss)
168 http fetch GET 200 https://registry.npmjs.org/postcss-import/-/postcss-import-15.1.0.tgz 356ms (cache miss)
169 http fetch GET 200 https://registry.npmjs.org/tailwindcss/-/tailwindcss-3.4.19.tgz 377ms (cache miss)
170 http fetch GET 200 https://registry.npmjs.org/postcss/-/postcss-8.5.6.tgz 375ms (cache miss)
171 http fetch GET 200 https://registry.npmjs.org/pify/-/pify-2.3.0.tgz 388ms (cache miss)
172 http fetch GET 200 https://registry.npmjs.org/picocolors/-/picocolors-1.1.1.tgz 388ms (cache miss)
173 http fetch GET 200 https://registry.npmjs.org/path-parse/-/path-parse-1.0.7.tgz 397ms (cache miss)
174 http fetch GET 200 https://registry.npmjs.org/pirates/-/pirates-4.0.7.tgz 398ms (cache miss)
175 http fetch GET 200 https://registry.npmjs.org/picomatch/-/picomatch-2.3.1.tgz 399ms (cache miss)
176 http fetch GET 200 https://registry.npmjs.org/object-assign/-/object-assign-4.1.1.tgz 403ms (cache miss)
177 http fetch GET 200 https://registry.npmjs.org/normalize-path/-/normalize-path-3.0.0.tgz 410ms (cache miss)
178 http fetch GET 200 https://registry.npmjs.org/node-releases/-/node-releases-2.0.27.tgz 416ms (cache miss)
179 http fetch GET 200 https://registry.npmjs.org/mz/-/mz-2.7.0.tgz 431ms (cache miss)
180 http fetch GET 200 https://registry.npmjs.org/nanoid/-/nanoid-3.3.11.tgz 436ms (cache miss)
181 http fetch GET 200 https://registry.npmjs.org/micromatch/-/micromatch-4.0.8.tgz 441ms (cache miss)
182 http fetch GET 200 https://registry.npmjs.org/object-hash/-/object-hash-3.0.0.tgz 450ms (cache miss)
183 http fetch GET 200 https://registry.npmjs.org/merge2/-/merge2-1.4.1.tgz 458ms (cache miss)
184 http fetch GET 200 https://registry.npmjs.org/loose-envify/-/loose-envify-1.4.0.tgz 465ms (cache miss)
185 http fetch GET 200 https://registry.npmjs.org/lilconfig/-/lilconfig-3.1.3.tgz 464ms (cache miss)
186 http fetch GET 200 https://registry.npmjs.org/lines-and-columns/-/lines-and-columns-1.2.4.tgz 475ms (cache miss)
187 http fetch GET 200 https://registry.npmjs.org/js-cookie/-/js-cookie-3.0.5.tgz 476ms (cache miss)
188 http fetch GET 200 https://registry.npmjs.org/js-tokens/-/js-tokens-4.0.0.tgz 478ms (cache miss)
189 http fetch GET 200 https://registry.npmjs.org/is-glob/-/is-glob-4.0.3.tgz 513ms (cache miss)
190 http fetch GET 200 https://registry.npmjs.org/is-number/-/is-number-7.0.0.tgz 517ms (cache miss)
191 http fetch GET 200 https://registry.npmjs.org/is-core-module/-/is-core-module-2.16.1.tgz 548ms (cache miss)
192 http fetch GET 200 https://registry.npmjs.org/is-binary-path/-/is-binary-path-2.1.0.tgz 564ms (cache miss)
193 http fetch GET 200 https://registry.npmjs.org/is-extglob/-/is-extglob-2.1.1.tgz 567ms (cache miss)
194 http fetch GET 200 https://registry.npmjs.org/graceful-fs/-/graceful-fs-4.2.11.tgz 574ms (cache miss)
195 http fetch GET 200 https://registry.npmjs.org/glob-parent/-/glob-parent-6.0.2.tgz 586ms (cache miss)
196 http fetch GET 200 https://registry.npmjs.org/fsevents/-/fsevents-2.3.3.tgz 598ms (cache miss)
197 http fetch GET 200 https://registry.npmjs.org/hasown/-/hasown-2.0.2.tgz 611ms (cache miss)
198 http fetch GET 200 https://registry.npmjs.org/function-bind/-/function-bind-1.1.2.tgz 611ms (cache miss)
199 http fetch GET 200 https://registry.npmjs.org/fraction.js/-/fraction.js-5.3.4.tgz 612ms (cache miss)
200 http fetch GET 200 https://registry.npmjs.org/fastq/-/fastq-1.20.1.tgz 651ms (cache miss)
201 http fetch GET 200 https://registry.npmjs.org/fill-range/-/fill-range-7.1.1.tgz 652ms (cache miss)
202 http fetch GET 200 https://registry.npmjs.org/jiti/-/jiti-1.21.7.tgz 694ms (cache miss)
203 http fetch GET 200 https://registry.npmjs.org/react-dom/-/react-dom-18.3.1.tgz 700ms (cache miss)
204 http fetch GET 200 https://registry.npmjs.org/escalade/-/escalade-3.2.0.tgz 702ms (cache miss)
205 http fetch GET 200 https://registry.npmjs.org/fast-glob/-/fast-glob-3.3.3.tgz 702ms (cache miss)
206 http fetch GET 200 https://registry.npmjs.org/dlv/-/dlv-1.1.3.tgz 703ms (cache miss)
207 http fetch GET 200 https://registry.npmjs.org/electron-to-chromium/-/electron-to-chromium-1.5.286.tgz 704ms (cache miss)
208 http fetch GET 200 https://registry.npmjs.org/didyoumean/-/didyoumean-1.2.2.tgz 703ms (cache miss)
209 http fetch GET 200 https://registry.npmjs.org/csstype/-/csstype-3.2.3.tgz 713ms (cache miss)
210 http fetch GET 200 https://registry.npmjs.org/cssesc/-/cssesc-3.0.0.tgz 717ms (cache miss)
211 http fetch GET 200 https://registry.npmjs.org/client-only/-/client-only-0.0.1.tgz 722ms (cache miss)
212 http fetch GET 200 https://registry.npmjs.org/commander/-/commander-4.1.1.tgz 724ms (cache miss)
213 http fetch GET 200 https://registry.npmjs.org/typescript/-/typescript-5.9.3.tgz 790ms (cache miss)
214 http fetch GET 200 https://registry.npmjs.org/postcss-js/-/postcss-js-4.1.0.tgz 774ms (cache miss)
215 http fetch GET 200 https://registry.npmjs.org/chokidar/-/chokidar-3.6.0.tgz 775ms (cache miss)
216 http fetch GET 200 https://registry.npmjs.org/braces/-/braces-3.0.3.tgz 783ms (cache miss)
217 http fetch GET 200 https://registry.npmjs.org/camelcase-css/-/camelcase-css-2.0.1.tgz 800ms (cache miss)
218 http fetch GET 200 https://registry.npmjs.org/busboy/-/busboy-1.6.0.tgz 805ms (cache miss)
219 http fetch GET 200 https://registry.npmjs.org/binary-extensions/-/binary-extensions-2.3.0.tgz 810ms (cache miss)
220 http fetch GET 200 https://registry.npmjs.org/baseline-browser-mapping/-/baseline-browser-mapping-2.9.19.tgz 811ms (cache miss)
221 http fetch GET 200 https://registry.npmjs.org/arg/-/arg-5.0.2.tgz 825ms (cache miss)
222 http fetch GET 200 https://registry.npmjs.org/autoprefixer/-/autoprefixer-10.4.24.tgz 826ms (cache miss)
223 http fetch GET 200 https://registry.npmjs.org/anymatch/-/anymatch-3.1.3.tgz 833ms (cache miss)
224 http fetch GET 200 https://registry.npmjs.org/browserslist/-/browserslist-4.28.1.tgz 839ms (cache miss)
225 http fetch GET 200 https://registry.npmjs.org/any-promise/-/any-promise-1.3.0.tgz 843ms (cache miss)
226 http fetch GET 200 https://registry.npmjs.org/@types/react-dom/-/react-dom-18.3.7.tgz 845ms (cache miss)
227 http fetch GET 200 https://registry.npmjs.org/@types/js-cookie/-/js-cookie-3.0.6.tgz 853ms (cache miss)
228 http fetch GET 200 https://registry.npmjs.org/@types/react/-/react-18.3.28.tgz 856ms (cache miss)
229 http fetch GET 200 https://registry.npmjs.org/caniuse-lite/-/caniuse-lite-1.0.30001769.tgz 888ms (cache miss)
230 http fetch GET 200 https://registry.npmjs.org/@types/prop-types/-/prop-types-15.7.15.tgz 891ms (cache miss)
231 http fetch GET 200 https://registry.npmjs.org/@nodelib/fs.walk/-/fs.walk-1.2.8.tgz 911ms (cache miss)
232 http fetch GET 200 https://registry.npmjs.org/@nodelib/fs.stat/-/fs.stat-2.0.5.tgz 912ms (cache miss)
233 http fetch GET 200 https://registry.npmjs.org/@swc/helpers/-/helpers-0.5.5.tgz 938ms (cache miss)
234 http fetch GET 200 https://registry.npmjs.org/@types/node/-/node-20.19.33.tgz 939ms (cache miss)
235 http fetch GET 200 https://registry.npmjs.org/@swc/counter/-/counter-0.1.3.tgz 940ms (cache miss)
236 http fetch GET 200 https://registry.npmjs.org/@next/env/-/env-14.2.5.tgz 940ms (cache miss)
237 http fetch GET 200 https://registry.npmjs.org/@alloc/quick-lru/-/quick-lru-5.2.0.tgz 940ms (cache miss)
238 http fetch GET 200 https://registry.npmjs.org/@jridgewell/resolve-uri/-/resolve-uri-3.1.2.tgz 943ms (cache miss)
239 http fetch GET 200 https://registry.npmjs.org/@jridgewell/gen-mapping/-/gen-mapping-0.3.13.tgz 946ms (cache miss)
240 http fetch GET 200 https://registry.npmjs.org/@jridgewell/sourcemap-codec/-/sourcemap-codec-1.5.5.tgz 946ms (cache miss)
241 http fetch GET 200 https://registry.npmjs.org/@jridgewell/trace-mapping/-/trace-mapping-0.3.31.tgz 950ms (cache miss)
242 http fetch GET 200 https://registry.npmjs.org/@nodelib/fs.scandir/-/fs.scandir-2.1.5.tgz 957ms (cache miss)
243 http fetch GET 200 https://registry.npmjs.org/picomatch/-/picomatch-4.0.3.tgz 980ms (cache miss)
244 http fetch GET 200 https://registry.npmjs.org/glob-parent/-/glob-parent-5.1.2.tgz 1001ms (cache miss)
245 http fetch GET 200 https://registry.npmjs.org/fdir/-/fdir-6.5.0.tgz 1003ms (cache miss)
246 http fetch GET 200 https://registry.npmjs.org/postcss/-/postcss-8.4.31.tgz 1005ms (cache miss)
247 http fetch GET 200 https://registry.npmjs.org/glob-parent/-/glob-parent-5.1.2.tgz 1008ms (cache miss)
248 http fetch GET 200 https://registry.npmjs.org/next 1225ms (cache miss)
249 http fetch GET 200 https://registry.npmjs.org/next/-/next-14.2.5.tgz 4408ms (cache miss)
250 warn deprecated next@14.2.5: This version has a security vulnerability. Please upgrade to a patched version. See https://nextjs.org/blog/security-update-2025-12-11 for more details.
251 http fetch GET 200 https://registry.npmjs.org/@next/swc-darwin-arm64/-/swc-darwin-arm64-14.2.5.tgz 5744ms (cache miss)
252 silly ADD node_modules/util-deprecate
253 silly ADD node_modules/update-browserslist-db
254 silly ADD node_modules/undici-types
255 silly ADD node_modules/typescript
256 silly ADD node_modules/tslib
257 silly ADD node_modules/ts-interface-checker
258 silly ADD node_modules/to-regex-range
259 silly ADD node_modules/tinyglobby
260 silly ADD node_modules/tinyglobby/node_modules/picomatch
261 silly ADD node_modules/tinyglobby/node_modules/fdir
262 silly ADD node_modules/thenify-all
263 silly ADD node_modules/thenify
264 silly ADD node_modules/tailwindcss
265 silly ADD node_modules/supports-preserve-symlinks-flag
266 silly ADD node_modules/sucrase
267 silly ADD node_modules/styled-jsx
268 silly ADD node_modules/streamsearch
269 silly ADD node_modules/source-map-js
270 silly ADD node_modules/scheduler
271 silly ADD node_modules/run-parallel
272 silly ADD node_modules/reusify
273 silly ADD node_modules/resolve
274 silly ADD node_modules/readdirp
275 silly ADD node_modules/read-cache
276 silly ADD node_modules/react-dom
277 silly ADD node_modules/react
278 silly ADD node_modules/queue-microtask
279 silly ADD node_modules/postcss-value-parser
280 silly ADD node_modules/postcss-selector-parser
281 silly ADD node_modules/postcss-nested
282 silly ADD node_modules/postcss-load-config
283 silly ADD node_modules/postcss-js
284 silly ADD node_modules/postcss-import
285 silly ADD node_modules/postcss
286 silly ADD node_modules/pirates
287 silly ADD node_modules/pify
288 silly ADD node_modules/picomatch
289 silly ADD node_modules/picocolors
290 silly ADD node_modules/path-parse
291 silly ADD node_modules/object-hash
292 silly ADD node_modules/object-assign
293 silly ADD node_modules/normalize-path
294 silly ADD node_modules/node-releases
295 silly ADD node_modules/next
296 silly ADD node_modules/next/node_modules/postcss
297 silly ADD node_modules/nanoid
298 silly ADD node_modules/mz
299 silly ADD node_modules/micromatch
300 silly ADD node_modules/merge2
301 silly ADD node_modules/loose-envify
302 silly ADD node_modules/lines-and-columns
303 silly ADD node_modules/lilconfig
304 silly ADD node_modules/js-tokens
305 silly ADD node_modules/js-cookie
306 silly ADD node_modules/jiti
307 silly ADD node_modules/is-number
308 silly ADD node_modules/is-glob
309 silly ADD node_modules/is-extglob
310 silly ADD node_modules/is-core-module
311 silly ADD node_modules/is-binary-path
312 silly ADD node_modules/hasown
313 silly ADD node_modules/graceful-fs
314 silly ADD node_modules/glob-parent
315 silly ADD node_modules/function-bind
316 silly ADD node_modules/fsevents
317 silly ADD node_modules/fraction.js
318 silly ADD node_modules/fill-range
319 silly ADD node_modules/fastq
320 silly ADD node_modules/fast-glob
321 silly ADD node_modules/fast-glob/node_modules/glob-parent
322 silly ADD node_modules/escalade
323 silly ADD node_modules/electron-to-chromium
324 silly ADD node_modules/dlv
325 silly ADD node_modules/didyoumean
326 silly ADD node_modules/csstype
327 silly ADD node_modules/cssesc
328 silly ADD node_modules/commander
329 silly ADD node_modules/client-only
330 silly ADD node_modules/chokidar
331 silly ADD node_modules/chokidar/node_modules/glob-parent
332 silly ADD node_modules/caniuse-lite
333 silly ADD node_modules/camelcase-css
334 silly ADD node_modules/busboy
335 silly ADD node_modules/browserslist
336 silly ADD node_modules/braces
337 silly ADD node_modules/binary-extensions
338 silly ADD node_modules/baseline-browser-mapping
339 silly ADD node_modules/autoprefixer
340 silly ADD node_modules/arg
341 silly ADD node_modules/anymatch
342 silly ADD node_modules/any-promise
343 silly ADD node_modules/@types/react-dom
344 silly ADD node_modules/@types/react
345 silly ADD node_modules/@types/prop-types
346 silly ADD node_modules/@types/node
347 silly ADD node_modules/@types/js-cookie
348 silly ADD node_modules/@swc/helpers
349 silly ADD node_modules/@swc/counter
350 silly ADD node_modules/@nodelib/fs.walk
351 silly ADD node_modules/@nodelib/fs.stat
352 silly ADD node_modules/@nodelib/fs.scandir
353 silly ADD
354 silly ADD
355 silly ADD
356 silly ADD
357 silly ADD
358 silly ADD
359 silly ADD
360 silly ADD
361 silly ADD node_modules/@next/swc-darwin-arm64
362 silly ADD node_modules/@next/env
363 silly ADD node_modules/@jridgewell/trace-mapping
364 silly ADD node_modules/@jridgewell/sourcemap-codec
365 silly ADD node_modules/@jridgewell/resolve-uri
366 silly ADD node_modules/@jridgewell/gen-mapping
367 silly ADD node_modules/@alloc/quick-lru
368 notice
368 notice New major version of npm available! 10.7.0 -> 11.10.0
368 notice Changelog: https://github.com/npm/cli/releases/tag/v11.10.0
368 notice To update run: npm install -g npm@11.10.0
368 notice  { force: true, [Symbol(proc-log.meta)]: true }
369 verbose exit 0
370 info ok
