0 verbose cli /usr/local/bin/node /usr/local/bin/npm
1 info using npm@10.7.0
2 info using node@v20.15.0
3 silly config:load:file:/usr/local/lib/node_modules/npm/npmrc
4 silly config:load:file:/Users/aleksejkrenicyn/Dashboard/.npmrc
5 silly config:load:file:/Users/aleksejkrenicyn/.npmrc
6 silly config:load:file:/usr/local/etc/npmrc
7 verbose title npm install
8 verbose argv "install" "--cache" "./.npm-cache"
9 verbose logfile logs-max:10 dir:/Users/aleksejkrenicyn/Dashboard/.npm-cache/_logs/2026-02-13T05_12_36_213Z-
10 verbose logfile /Users/aleksejkrenicyn/Dashboard/.npm-cache/_logs/2026-02-13T05_12_36_213Z-debug-0.log
11 silly logfile done cleaning log files
12 silly idealTree buildDeps
13 silly reify moves {}
14 silly audit bulk request {
14 silly audit   '@alloc/quick-lru': [ '5.2.0' ],
14 silly audit   '@jridgewell/gen-mapping': [ '0.3.13' ],
14 silly audit   '@jridgewell/resolve-uri': [ '3.1.2' ],
14 silly audit   '@jridgewell/sourcemap-codec': [ '1.5.5' ],
14 silly audit   '@jridgewell/trace-mapping': [ '0.3.31' ],
14 silly audit   '@next/env': [ '14.2.35' ],
14 silly audit   '@next/swc-darwin-arm64': [ '14.2.33' ],
14 silly audit   '@next/swc-darwin-x64': [ '14.2.33' ],
14 silly audit   '@next/swc-linux-arm64-gnu': [ '14.2.33' ],
14 silly audit   '@next/swc-linux-arm64-musl': [ '14.2.33' ],
14 silly audit   '@next/swc-linux-x64-gnu': [ '14.2.33' ],
14 silly audit   '@next/swc-linux-x64-musl': [ '14.2.33' ],
14 silly audit   '@next/swc-win32-arm64-msvc': [ '14.2.33' ],
14 silly audit   '@next/swc-win32-ia32-msvc': [ '14.2.33' ],
14 silly audit   '@next/swc-win32-x64-msvc': [ '14.2.33' ],
14 silly audit   '@nodelib/fs.scandir': [ '2.1.5' ],
14 silly audit   '@nodelib/fs.stat': [ '2.0.5' ],
14 silly audit   '@nodelib/fs.walk': [ '1.2.8' ],
14 silly audit   '@swc/counter': [ '0.1.3' ],
14 silly audit   '@swc/helpers': [ '0.5.5' ],
14 silly audit   '@types/js-cookie': [ '3.0.6' ],
14 silly audit   '@types/node': [ '20.19.33' ],
14 silly audit   '@types/prop-types': [ '15.7.15' ],
14 silly audit   '@types/react': [ '18.3.28' ],
14 silly audit   '@types/react-dom': [ '18.3.7' ],
14 silly audit   'any-promise': [ '1.3.0' ],
14 silly audit   anymatch: [ '3.1.3' ],
14 silly audit   arg: [ '5.0.2' ],
14 silly audit   autoprefixer: [ '10.4.24' ],
14 silly audit   'baseline-browser-mapping': [ '2.9.19' ],
14 silly audit   'binary-extensions': [ '2.3.0' ],
14 silly audit   braces: [ '3.0.3' ],
14 silly audit   browserslist: [ '4.28.1' ],
14 silly audit   busboy: [ '1.6.0' ],
14 silly audit   'camelcase-css': [ '2.0.1' ],
14 silly audit   'caniuse-lite': [ '1.0.30001769' ],
14 silly audit   chokidar: [ '3.6.0' ],
14 silly audit   'glob-parent': [ '5.1.2', '6.0.2' ],
14 silly audit   'client-only': [ '0.0.1' ],
14 silly audit   commander: [ '4.1.1' ],
14 silly audit   cssesc: [ '3.0.0' ],
14 silly audit   csstype: [ '3.2.3' ],
14 silly audit   didyoumean: [ '1.2.2' ],
14 silly audit   dlv: [ '1.1.3' ],
14 silly audit   'electron-to-chromium': [ '1.5.286' ],
14 silly audit   escalade: [ '3.2.0' ],
14 silly audit   'fast-glob': [ '3.3.3' ],
14 silly audit   fastq: [ '1.20.1' ],
14 silly audit   'fill-range': [ '7.1.1' ],
14 silly audit   'fraction.js': [ '5.3.4' ],
14 silly audit   fsevents: [ '2.3.3' ],
14 silly audit   'function-bind': [ '1.1.2' ],
14 silly audit   'graceful-fs': [ '4.2.11' ],
14 silly audit   hasown: [ '2.0.2' ],
14 silly audit   'is-binary-path': [ '2.1.0' ],
14 silly audit   'is-core-module': [ '2.16.1' ],
14 silly audit   'is-extglob': [ '2.1.1' ],
14 silly audit   'is-glob': [ '4.0.3' ],
14 silly audit   'is-number': [ '7.0.0' ],
14 silly audit   jiti: [ '1.21.7' ],
14 silly audit   'js-cookie': [ '3.0.5' ],
14 silly audit   'js-tokens': [ '4.0.0' ],
14 silly audit   lilconfig: [ '3.1.3' ],
14 silly audit   'lines-and-columns': [ '1.2.4' ],
14 silly audit   'loose-envify': [ '1.4.0' ],
14 silly audit   merge2: [ '1.4.1' ],
14 silly audit   micromatch: [ '4.0.8' ],
14 silly audit   mz: [ '2.7.0' ],
14 silly audit   nanoid: [ '3.3.11' ],
14 silly audit   next: [ '14.2.35' ],
14 silly audit   postcss: [ '8.4.31', '8.5.6' ],
14 silly audit   'node-releases': [ '2.0.27' ],
14 silly audit   'normalize-path': [ '3.0.0' ],
14 silly audit   'object-assign': [ '4.1.1' ],
14 silly audit   'object-hash': [ '3.0.0' ],
14 silly audit   'path-parse': [ '1.0.7' ],
14 silly audit   picocolors: [ '1.1.1' ],
14 silly audit   picomatch: [ '2.3.1', '4.0.3' ],
14 silly audit   pify: [ '2.3.0' ],
14 silly audit   pirates: [ '4.0.7' ],
14 silly audit   'postcss-import': [ '15.1.0' ],
14 silly audit   'postcss-js': [ '4.1.0' ],
14 silly audit   'postcss-load-config': [ '6.0.1' ],
14 silly audit   'postcss-nested': [ '6.2.0' ],
14 silly audit   'postcss-selector-parser': [ '6.1.2' ],
14 silly audit   'postcss-value-parser': [ '4.2.0' ],
14 silly audit   'queue-microtask': [ '1.2.3' ],
14 silly audit   react: [ '18.3.1' ],
14 silly audit   'react-dom': [ '18.3.1' ],
14 silly audit   'read-cache': [ '1.0.0' ],
14 silly audit   readdirp: [ '3.6.0' ],
14 silly audit   resolve: [ '1.22.11' ],
14 silly audit   reusify: [ '1.1.0' ],
14 silly audit   'run-parallel': [ '1.2.0' ],
14 silly audit   scheduler: [ '0.23.2' ],
14 silly audit   'source-map-js': [ '1.2.1' ],
14 silly audit   streamsearch: [ '1.1.0' ],
14 silly audit   'styled-jsx': [ '5.1.1' ],
14 silly audit   sucrase: [ '3.35.1' ],
14 silly audit   'supports-preserve-symlinks-flag': [ '1.0.0' ],
14 silly audit   tailwindcss: [ '3.4.19' ],
14 silly audit   thenify: [ '3.3.1' ],
14 silly audit   'thenify-all': [ '1.6.0' ],
14 silly audit   tinyglobby: [ '0.2.15' ],
14 silly audit   fdir: [ '6.5.0' ],
14 silly audit   'to-regex-range': [ '5.0.1' ],
14 silly audit   'ts-interface-checker': [ '0.1.13' ],
14 silly audit   tslib: [ '2.8.1' ],
14 silly audit   typescript: [ '5.9.3' ],
14 silly audit   'undici-types': [ '6.21.0' ],
14 silly audit   'update-browserslist-db': [ '1.2.3' ],
14 silly audit   'util-deprecate': [ '1.0.2' ]
14 silly audit }
15 verbose reify failed optional dependency /Users/aleksejkrenicyn/Dashboard/node_modules/@next/swc-win32-x64-msvc
16 silly reify mark deleted [
16 silly reify   '/Users/aleksejkrenicyn/Dashboard/node_modules/@next/swc-win32-x64-msvc'
16 silly reify ]
17 verbose reify failed optional dependency /Users/aleksejkrenicyn/Dashboard/node_modules/@next/swc-win32-ia32-msvc
18 silly reify mark deleted [
18 silly reify   '/Users/aleksejkrenicyn/Dashboard/node_modules/@next/swc-win32-ia32-msvc'
18 silly reify ]
19 verbose reify failed optional dependency /Users/aleksejkrenicyn/Dashboard/node_modules/@next/swc-win32-arm64-msvc
20 silly reify mark deleted [
20 silly reify   '/Users/aleksejkrenicyn/Dashboard/node_modules/@next/swc-win32-arm64-msvc'
20 silly reify ]
21 verbose reify failed optional dependency /Users/aleksejkrenicyn/Dashboard/node_modules/@next/swc-linux-x64-musl
22 silly reify mark deleted [
22 silly reify   '/Users/aleksejkrenicyn/Dashboard/node_modules/@next/swc-linux-x64-musl'
22 silly reify ]
23 verbose reify failed optional dependency /Users/aleksejkrenicyn/Dashboard/node_modules/@next/swc-linux-x64-gnu
24 silly reify mark deleted [
24 silly reify   '/Users/aleksejkrenicyn/Dashboard/node_modules/@next/swc-linux-x64-gnu'
24 silly reify ]
25 verbose reify failed optional dependency /Users/aleksejkrenicyn/Dashboard/node_modules/@next/swc-linux-arm64-musl
26 silly reify mark deleted [
26 silly reify   '/Users/aleksejkrenicyn/Dashboard/node_modules/@next/swc-linux-arm64-musl'
26 silly reify ]
27 verbose reify failed optional dependency /Users/aleksejkrenicyn/Dashboard/node_modules/@next/swc-linux-arm64-gnu
28 silly reify mark deleted [
28 silly reify   '/Users/aleksejkrenicyn/Dashboard/node_modules/@next/swc-linux-arm64-gnu'
28 silly reify ]
29 verbose reify failed optional dependency /Users/aleksejkrenicyn/Dashboard/node_modules/@next/swc-darwin-x64
30 silly reify mark deleted [
30 silly reify   '/Users/aleksejkrenicyn/Dashboard/node_modules/@next/swc-darwin-x64'
30 silly reify ]
31 http fetch POST 200 https://registry.npmjs.org/-/npm/v1/security/advisories/bulk 230ms
32 silly audit report {
32 silly audit report   next: [
32 silly audit report     {
32 silly audit report       id: 1112593,
32 silly audit report       url: 'https://github.com/advisories/GHSA-9g9p-9gw9-jx7f',
32 silly audit report       title: 'Next.js self-hosted applications vulnerable to DoS via Image Optimizer remotePatterns configuration',
32 silly audit report       severity: 'moderate',
32 silly audit report       vulnerable_versions: '>=10.0.0 <15.5.10',
32 silly audit report       cwe: [Array],
32 silly audit report       cvss: [Object]
32 silly audit report     },
32 silly audit report     {
32 silly audit report       id: 1112653,
32 silly audit report       url: 'https://github.com/advisories/GHSA-h25m-26qc-wcjf',
32 silly audit report       title: 'Next.js HTTP request deserialization can lead to DoS when using insecure React Server Components',
32 silly audit report       severity: 'high',
32 silly audit report       vulnerable_versions: '>=13.0.0 <15.0.8',
32 silly audit report       cwe: [Array],
32 silly audit report       cvss: [Object]
32 silly audit report     }
32 silly audit report   ]
32 silly audit report }
33 http fetch GET 200 https://registry.npmjs.org/next 87ms (cache revalidated)
34 silly ADD node_modules/fsevents
35 silly ADD
36 silly ADD
37 silly ADD
38 silly ADD
39 silly ADD
40 silly ADD
41 silly ADD
42 silly ADD
43 verbose exit 0
44 info ok
